<?xml version="1.0" encoding="UTF-8"?>
<!-- Generated by org.testng.reporters.JUnitReportReporter -->
<testsuite skipped="0" hostname="AZHAR" name="driverfactory.Test1" tests="2" failures="0" timestamp="2021-01-06T17:12:13 IST" time="14.538" errors="0">
  <testcase name="test" time="7.522" classname="driverfactory.Test1"/>
  <system-out/>
  <testcase name="test" time="7.016" classname="driverfactory.Test1"/>
  <system-out/>
</testsuite> <!-- driverfactory.Test1 -->
