<?xml version="1.0" encoding="UTF-8"?>
<!-- Generated by org.testng.reporters.JUnitReportReporter -->
<testsuite skipped="0" hostname="AZHAR" name="dataProvider.Testcase1" tests="2" failures="0" timestamp="2020-09-22T23:05:12 IST" time="0.008" errors="0">
  <testcase name="test" time="0.002" classname="dataProvider.Testcase1"/>
  <system-out/>
  <testcase name="test" time="0.006" classname="dataProvider.Testcase1"/>
  <system-out/>
</testsuite> <!-- dataProvider.Testcase1 -->
