<?xml version="1.0" encoding="UTF-8"?>
<!-- Generated by org.testng.reporters.JUnitReportReporter -->
<testsuite skipped="0" hostname="AZHAR" name="tests.Test3" tests="3" failures="0" timestamp="2021-01-07T15:23:06 IST" time="0.009" errors="0">
  <testcase name="melons_raw" time="0.001" classname="tests.Test3"/>
  <system-out/>
  <testcase name="melons_raw" time="0.007" classname="tests.Test3"/>
  <system-out/>
  <testcase name="melons_raw" time="0.001" classname="tests.Test3"/>
  <system-out/>
</testsuite> <!-- tests.Test3 -->
