<?xml version="1.0" encoding="UTF-8"?>
<!-- Generated by org.testng.reporters.JUnitReportReporter -->
<testsuite skipped="0" hostname="AZHAR" name="adminFeature.AdminTest1" tests="1" failures="0" timestamp="2020-09-23T14:59:42 IST" time="59.999" errors="0">
  <testcase name="loginToApplication" time="59.999" classname="adminFeature.AdminTest1"/>
  <system-out/>
</testsuite> <!-- adminFeature.AdminTest1 -->
