<?xml version="1.0" encoding="UTF-8"?>
<!-- Generated by org.testng.reporters.JUnitReportReporter -->
<testsuite skipped="0" hostname="AZHAR" name="admin_test.Testcase1" tests="1" failures="0" timestamp="2020-11-11T23:08:09 IST" time="9.671" errors="0">
  <testcase name="open" time="9.671" classname="admin_test.Testcase1"/>
  <system-out/>
</testsuite> <!-- admin_test.Testcase1 -->
