<?xml version="1.0" encoding="UTF-8"?>
<!-- Generated by org.testng.reporters.JUnitReportReporter -->
<testsuite skipped="0" hostname="AZHAR" name="adminFeature.AdminTest2" tests="1" failures="0" timestamp="2020-09-25T10:20:11 IST" time="147.914" errors="0">
  <testcase name="loginToApplication" time="147.914" classname="adminFeature.AdminTest2"/>
  <system-out/>
</testsuite> <!-- adminFeature.AdminTest2 -->
