<?xml version="1.0" encoding="UTF-8"?>
<!-- Generated by org.testng.reporters.JUnitReportReporter -->
<testsuite skipped="0" hostname="AZHAR" name="tests.Test1" tests="1" failures="0" timestamp="2021-01-07T12:00:15 IST" time="18.278" errors="0">
  <testcase name="login" time="18.278" classname="tests.Test1"/>
  <system-out/>
</testsuite> <!-- tests.Test1 -->
