<?xml version="1.0" encoding="UTF-8"?>
<!-- Generated by org.testng.reporters.JUnitReportReporter -->
<testsuite skipped="0" hostname="AZHAR" name="googletests.DataProvidertest" tests="6" failures="0" timestamp="2021-01-06T19:39:55 IST" time="0.015" errors="0">
  <testcase name="login" time="0.008" classname="googletests.DataProvidertest"/>
  <system-out/>
  <testcase name="login" time="0.002" classname="googletests.DataProvidertest"/>
  <system-out/>
  <testcase name="user" time="0.002" classname="googletests.DataProvidertest"/>
  <system-out/>
  <testcase name="user" time="0.001" classname="googletests.DataProvidertest"/>
  <system-out/>
  <testcase name="registeration" time="0.001" classname="googletests.DataProvidertest"/>
  <system-out/>
  <testcase name="registeration" time="0.001" classname="googletests.DataProvidertest"/>
  <system-out/>
</testsuite> <!-- googletests.DataProvidertest -->
