<?xml version="1.0" encoding="UTF-8"?>
<!-- Generated by org.testng.reporters.JUnitReportReporter -->
<testsuite skipped="0" hostname="AZHAR" name="paralleltest.A" tests="2" failures="0" timestamp="2021-01-29T18:39:59 IST" time="0.020" errors="0">
  <testcase name="test" time="0.017" classname="paralleltest.A"/>
  <system-out/>
  <testcase name="test2" time="0.003" classname="paralleltest.A"/>
  <system-out/>
</testsuite> <!-- paralleltest.A -->
