<?xml version="1.0" encoding="UTF-8"?>
<!-- Generated by org.testng.reporters.JUnitReportReporter -->
<testsuite skipped="0" hostname="AZHAR" name="dataProvider.CsvFileReader" tests="2" failures="0" timestamp="2020-10-29T20:46:24 IST" time="0.020" errors="0">
  <testcase name="test" time="0.016" classname="dataProvider.CsvFileReader"/>
  <system-out/>
  <testcase name="test" time="0.004" classname="dataProvider.CsvFileReader"/>
  <system-out/>
</testsuite> <!-- dataProvider.CsvFileReader -->
