<?xml version="1.0" encoding="UTF-8"?>
<!-- Generated by org.testng.reporters.JUnitReportReporter -->
<testsuite skipped="0" hostname="AZHAR" name="quotation.template.TestFrance" tests="1" failures="0" timestamp="2021-01-06T16:40:46 IST" time="0.004" errors="0">
  <testcase name="fillOpportunityAndQuoteInfoDetails" time="0.004" classname="quotation.template.TestFrance"/>
  <system-out/>
</testsuite> <!-- quotation.template.TestFrance -->
