<?xml version="1.0" encoding="UTF-8"?>
<!-- Generated by org.testng.reporters.JUnitReportReporter -->
<testsuite skipped="0" hostname="AZHAR" name="tests.melons_raw" tests="5" failures="0" timestamp="2021-01-09T15:36:40 IST" time="148.787" errors="0">
  <testcase name="loginToApplicationAnndNavigateCPQDashboardPage" time="25.856" classname="tests.melons_raw"/>
  <system-out/>
  <testcase name="enterOpportunityAndQuoteInfo" time="24.503" classname="tests.melons_raw"/>
  <system-out/>
  <testcase name="selectQuoteToAccount" time="18.567" classname="tests.melons_raw"/>
  <system-out/>
  <testcase name="selectSoldToAccount" time="26.747" classname="tests.melons_raw"/>
  <system-out/>
  <testcase name="selectConatactFromRefreshContacts" time="53.114" classname="tests.melons_raw"/>
  <system-out/>
</testsuite> <!-- tests.melons_raw -->
