<?xml version="1.0" encoding="UTF-8"?>
<!-- Generated by org.testng.reporters.JUnitReportReporter -->
<testsuite skipped="0" hostname="AZHAR" name="franceCommerceProcess.FRA_TripartiteQuote" tests="5" failures="0" timestamp="2021-01-28T21:07:19 IST" time="146.465" errors="0">
  <testcase name="loginToApplicationAnndNavigateCPQDashboardPage" time="24.477" classname="franceCommerceProcess.FRA_TripartiteQuote"/>
  <system-out/>
  <testcase name="enterOpportunityAndQuoteInfo" time="27.938" classname="franceCommerceProcess.FRA_TripartiteQuote"/>
  <system-out/>
  <testcase name="selectQuoteToAccount" time="21.201" classname="franceCommerceProcess.FRA_TripartiteQuote"/>
  <system-out/>
  <testcase name="selectSoldToAccount" time="21.917" classname="franceCommerceProcess.FRA_TripartiteQuote"/>
  <system-out/>
  <testcase name="selectConatactFromRefreshContacts" time="50.932" classname="franceCommerceProcess.FRA_TripartiteQuote"/>
  <system-out/>
</testsuite> <!-- franceCommerceProcess.FRA_TripartiteQuote -->
